<?xml version="1.0" encoding="UTF-8"?>
<testng-results skipped="1" failed="0" total="7" passed="6">
  <reporter-output>
  </reporter-output>
  <suite name="Default suite" duration-ms="11009" started-at="2016-01-29T18:05:56Z" finished-at="2016-01-29T18:06:07Z">
    <groups>
    </groups>
    <test name="Default test" duration-ms="11009" started-at="2016-01-29T18:05:56Z" finished-at="2016-01-29T18:06:07Z">
      <class name="testes.MainPage">
        <test-method status="PASS" signature="setUp()[pri:0, instance:testes.MainPage@3f0ee7cb]" name="setUp" is-config="true" duration-ms="6705" started-at="2016-01-29T19:05:56Z" finished-at="2016-01-29T19:06:03Z">
          <reporter-output>
          </reporter-output>
        </test-method> <!-- setUp -->
        <test-method status="PASS" signature="isHomePage()[pri:0, instance:testes.MainPage@3f0ee7cb]" name="isHomePage" duration-ms="24" started-at="2016-01-29T19:06:03Z" finished-at="2016-01-29T19:06:03Z">
          <reporter-output>
          </reporter-output>
        </test-method> <!-- isHomePage -->
        <test-method status="PASS" signature="searchProducts()[pri:0, instance:testes.MainPage@3f0ee7cb]" name="searchProducts" duration-ms="1448" started-at="2016-01-29T19:06:03Z" finished-at="2016-01-29T19:06:05Z">
          <reporter-output>
          </reporter-output>
        </test-method> <!-- searchProducts -->
        <test-method status="PASS" signature="changeCurrency()[pri:0, instance:testes.MainPage@3f0ee7cb]" name="changeCurrency" duration-ms="1149" started-at="2016-01-29T19:06:05Z" depends-on-methods="testes.MainPage.isHomePage" finished-at="2016-01-29T19:06:06Z">
          <reporter-output>
          </reporter-output>
        </test-method> <!-- changeCurrency -->
        <test-method status="PASS" signature="addToCompare()[pri:0, instance:testes.MainPage@3f0ee7cb]" name="addToCompare" duration-ms="285" started-at="2016-01-29T19:06:06Z" depends-on-methods="testes.MainPage.searchProducts" finished-at="2016-01-29T19:06:06Z">
          <reporter-output>
          </reporter-output>
        </test-method> <!-- addToCompare -->
        <test-method status="PASS" signature="goToComparePage()[pri:0, instance:testes.MainPage@3f0ee7cb]" name="goToComparePage" duration-ms="1199" started-at="2016-01-29T19:06:06Z" depends-on-methods="testes.MainPage.addToCompare" finished-at="2016-01-29T19:06:07Z">
          <reporter-output>
          </reporter-output>
        </test-method> <!-- goToComparePage -->
        <test-method status="PASS" signature="usun()[pri:0, instance:testes.MainPage@3f0ee7cb]" name="usun" duration-ms="181" started-at="2016-01-29T19:06:07Z" depends-on-methods="testes.MainPage.goToComparePage" finished-at="2016-01-29T19:06:07Z">
          <reporter-output>
          </reporter-output>
        </test-method> <!-- usun -->
        <test-method status="SKIP" signature="ileiel(int)[pri:0, instance:testes.MainPage@3f0ee7cb]" name="ileiel" duration-ms="0" started-at="2016-01-29T19:06:07Z" depends-on-methods="testes.MainPage.usun" finished-at="2016-01-29T19:06:07Z">
          <exception class="org.testng.TestNGException">
            <message>
              <![CDATA[
Method ileiel requires 1 parameters but 0 were supplied in the @Test annotation.]]>
            </message>
            <full-stacktrace>
              <![CDATA[org.testng.TestNGException: 
Method ileiel requires 1 parameters but 0 were supplied in the @Test annotation.
	at org.testng.internal.Parameters.checkParameterTypes(Parameters.java:191)
	at org.testng.internal.Parameters.createParameters(Parameters.java:127)
	at org.testng.internal.Parameters.createParameters(Parameters.java:376)
	at org.testng.internal.Parameters.handleParameters(Parameters.java:451)
	at org.testng.internal.Invoker.handleParameters(Invoker.java:1274)
	at org.testng.internal.Invoker.createParameters(Invoker.java:989)
	at org.testng.internal.Invoker.invokeTestMethods(Invoker.java:1079)
	at org.testng.internal.TestMethodWorker.invokeTestMethods(TestMethodWorker.java:129)
	at org.testng.internal.TestMethodWorker.run(TestMethodWorker.java:112)
	at org.testng.TestRunner.privateRun(TestRunner.java:782)
	at org.testng.TestRunner.run(TestRunner.java:632)
	at org.testng.SuiteRunner.runTest(SuiteRunner.java:366)
	at org.testng.SuiteRunner.runSequentially(SuiteRunner.java:361)
	at org.testng.SuiteRunner.privateRun(SuiteRunner.java:319)
	at org.testng.SuiteRunner.run(SuiteRunner.java:268)
	at org.testng.SuiteRunnerWorker.runSuite(SuiteRunnerWorker.java:52)
	at org.testng.SuiteRunnerWorker.run(SuiteRunnerWorker.java:86)
	at org.testng.TestNG.runSuitesSequentially(TestNG.java:1244)
	at org.testng.TestNG.runSuitesLocally(TestNG.java:1169)
	at org.testng.TestNG.run(TestNG.java:1064)
	at org.testng.remote.RemoteTestNG.run(RemoteTestNG.java:113)
	at org.testng.remote.RemoteTestNG.initAndRun(RemoteTestNG.java:206)
	at org.testng.remote.RemoteTestNG.main(RemoteTestNG.java:177)
]]>
            </full-stacktrace>
          </exception> <!-- org.testng.TestNGException -->
          <reporter-output>
          </reporter-output>
        </test-method> <!-- ileiel -->
      </class> <!-- testes.MainPage -->
    </test> <!-- Default test -->
  </suite> <!-- Default suite -->
</testng-results>
