<?xml version="1.0" encoding="UTF-8"?>
<!-- Generated by org.testng.reporters.JUnitXMLReporter -->
<testsuite hostname="kamil-desktop" name="Default test" tests="7" failures="0" timestamp="29 Jan 2016 18:06:07 GMT" time="11.009" errors="0">
  <testcase name="isHomePage" time="0.024" classname="testes.MainPage"/>
  <testcase name="searchProducts" time="1.448" classname="testes.MainPage"/>
  <testcase name="changeCurrency" time="1.149" classname="testes.MainPage"/>
  <testcase name="addToCompare" time="0.285" classname="testes.MainPage"/>
  <testcase name="goToComparePage" time="1.199" classname="testes.MainPage"/>
  <testcase name="usun" time="0.181" classname="testes.MainPage"/>
  <testcase name="ileiel" time="0.0" classname="testes.MainPage">
    <skipped/>
  </testcase> <!-- ileiel -->
</testsuite> <!-- Default test -->
